Arguments: 
  C:\Program Files\nodejs\node.exe C:\Users\ABHIJEET\AppData\Roaming\npm\node_modules\yarn\bin\yarn.js install

PATH: 
  C:\Program Files\Common Files\Oracle\Java\javapath;C:\windows\system32;C:\windows;C:\windows\System32\Wbem;C:\windows\System32\WindowsPowerShell\v1.0\;C:\windows\System32\OpenSSH\;C:\Program Files (x86)\NVIDIA Corporation\PhysX\Common;C:\Program Files\NVIDIA Corporation\NVIDIA NvDLISR;C:\Program Files\Java\jdk-19\bin;C:\Program Files\dotnet\;C:\Program Files\MySQL\MySQL Server 8.0\bin;C:\WINDOWS\system32;C:\WINDOWS;C:\WINDOWS\System32\Wbem;C:\WINDOWS\System32\WindowsPowerShell\v1.0\;C:\WINDOWS\System32\OpenSSH\;C:\ProgramData\chocolatey\bin;C:\Program Files\nodejs\;C:\MinGW\bin;C:\Program Files\Git\cmd;C:\Users\ABHIJEET\.cargo\bin;C:\Program Files\MySQL\MySQL Shell 8.0\bin\;C:\Users\ABHIJEET\AppData\Local\Programs\Python\Python311\Scripts\;C:\Users\ABHIJEET\AppData\Local\Programs\Python\Python311\;C:\Users\ABHIJEET\AppData\Local\Microsoft\WindowsApps;C:\Users\ABHIJEET\AppData\Local\Programs\Microsoft VS Code\bin;C:\Users\ABHIJEET\AppData\Roaming\npm;C:\MinGW\bin;

Yarn version: 
  1.22.19

Node version: 
  19.7.0

Platform: 
  win32 x64

Trace: 
  SyntaxError: C:\Users\ABHIJEET\Desktop\Blogify\BLOGIFY-backend-main\package.json: Expected ',' or '}' after property value in JSON at position 257
      at JSON.parse (<anonymous>)
      at C:\Users\ABHIJEET\AppData\Roaming\npm\node_modules\yarn\lib\cli.js:1629:59
      at Generator.next (<anonymous>)
      at step (C:\Users\ABHIJEET\AppData\Roaming\npm\node_modules\yarn\lib\cli.js:310:30)
      at C:\Users\ABHIJEET\AppData\Roaming\npm\node_modules\yarn\lib\cli.js:321:13

npm manifest: 
  {
    "name": "server",
    "version": "1.0.0",
    "description": "",
    "main": "index.js",
    "type": "module",
    "scripts": {
      "start": "nodemon index.js"
    },
    "keywords": [],
    "author": "",
    "license": "ISC",
    "engines": {
      "node": ">=14 <15"
    }
    "dependencies": {
      "bcryptjs": "^2.4.3",
      "body-parser": "^1.20.0",
      "cors": "^2.8.5",
      "dotenv": "^16.0.1",
      "express": "^4.18.1",
      "jsonwebtoken": "^8.5.1",
      "mongoose": "^6.3.8",
      "nodemon": "^2.0.16"
    }
  }

yarn manifest: 
  No manifest

Lockfile: 
  No lockfile
